# JRE version: OpenJDK Runtime Environment GraalVM CE 22.3.0 (17.0.5+8) (build 17.0.5+8-jvmci-22.3-b08)
# Java VM: OpenJDK 64-Bit Server VM GraalVM CE 22.3.0 (17.0.5+8-jvmci-22.3-b08, mixed mode, sharing, tiered, jvmci, jvmci compiler, compressed oops, compressed class ptrs, parallel gc, linux-amd64)
GC Precious Log:
 CPUs: 8 total, 1 available
 Memory: 1024M
 Large Page Support: Disabled
 NUMA Support: Disabled
 Compressed Oops: Enabled (32-bit)
 Alignments: Space 512K, Generation 512K, Heap 2M
 Heap Min Capacity: 100M
 Heap Initial Capacity: 100M
 Heap Max Capacity: 512M
 Pre-touch: Disabled
 Parallel Workers: 1
Heap:
 PSYoungGen      total 39424K, used 25088K [0x00000000f5580000, 0x00000000f9180000, 0x0000000100000000)
  eden space 25088K, 100% used [0x00000000f5580000,0x00000000f6e00000,0x00000000f6e00000)
  from space 14336K, 0% used [0x00000000f6e00000,0x00000000f6e00000,0x00000000f7c00000)
  to   space 16384K, 0% used [0x00000000f8180000,0x00000000f8180000,0x00000000f9180000)
 ParOldGen       total 349696K, used 349695K [0x00000000e0000000, 0x00000000f5580000, 0x00000000f5580000)
  object space 349696K, 99% used [0x00000000e0000000,0x00000000f557fd08,0x00000000f5580000)
 Metaspace       used 53843K, committed 54976K, reserved 1105920K
  class space    used 5368K, committed 5760K, reserved 1048576K
GC Heap History (20 events):
Event: 220.079 GC heap before
{Heap before GC invocations=280 (full 189):
 PSYoungGen      total 39424K, used 25087K [0x00000000f5580000, 0x00000000f9180000, 0x0000000100000000)
  eden space 25088K, 99% used [0x00000000f5580000,0x00000000f6dffff8,0x00000000f6e00000)
  from space 14336K, 0% used [0x00000000f6e00000,0x00000000f6e00000,0x00000000f7c00000)
  to   space 16384K, 0% used [0x00000000f8180000,0x00000000f8180000,0x00000000f9180000)
 ParOldGen       total 349696K, used 349696K [0x00000000e0000000, 0x00000000f5580000, 0x00000000f5580000)
  object space 349696K, 100% used [0x00000000e0000000,0x00000000f5580000,0x00000000f5580000)
 Metaspace       used 53839K, committed 54976K, reserved 1105920K
  class space    used 5367K, committed 5760K, reserved 1048576K
}
Event: 220.988 GC heap after
{Heap after GC invocations=280 (full 189):
 PSYoungGen      total 41472K, used 25087K [0x00000000f5580000, 0x00000000f9180000, 0x0000000100000000)
  eden space 25088K, 99% used [0x00000000f5580000,0x00000000f6dfffe8,0x00000000f6e00000)
  from space 16384K, 0% used [0x00000000f8180000,0x00000000f8180000,0x00000000f9180000)
  to   space 14336K, 0% used [0x00000000f6e00000,0x00000000f6e00000,0x00000000f7c00000)
 ParOldGen       total 349696K, used 349696K [0x00000000e0000000, 0x00000000f5580000, 0x00000000f5580000)
  object space 349696K, 100% used [0x00000000e0000000,0x00000000f5580000,0x00000000f5580000)
 Metaspace       used 53839K, committed 54976K, reserved 1105920K
  class space    used 5367K, committed 5760K, reserved 1048576K
}
Event: 220.988 GC heap before
{Heap before GC invocations=281 (full 190):
 PSYoungGen      total 41472K, used 25087K [0x00000000f5580000, 0x00000000f9180000, 0x0000000100000000)
  eden space 25088K, 99% used [0x00000000f5580000,0x00000000f6dffff8,0x00000000f6e00000)
  from space 16384K, 0% used [0x00000000f8180000,0x00000000f8180000,0x00000000f9180000)
  to   space 14336K, 0% used [0x00000000f6e00000,0x00000000f6e00000,0x00000000f7c00000)
 ParOldGen       total 349696K, used 349696K [0x00000000e0000000, 0x00000000f5580000, 0x00000000f5580000)
  object space 349696K, 100% used [0x00000000e0000000,0x00000000f5580000,0x00000000f5580000)
 Metaspace       used 53839K, committed 54976K, reserved 1105920K
  class space    used 5367K, committed 5760K, reserved 1048576K
}
Event: 221.912 GC heap after
{Heap after GC invocations=281 (full 190):
 PSYoungGen      total 39424K, used 25087K [0x00000000f5580000, 0x00000000f9180000, 0x0000000100000000)
  eden space 25088K, 99% used [0x00000000f5580000,0x00000000f6dfffe8,0x00000000f6e00000)
  from space 14336K, 0% used [0x00000000f6e00000,0x00000000f6e00000,0x00000000f7c00000)
  to   space 16384K, 0% used [0x00000000f8180000,0x00000000f8180000,0x00000000f9180000)
 ParOldGen       total 349696K, used 349696K [0x00000000e0000000, 0x00000000f5580000, 0x00000000f5580000)
  object space 349696K, 100% used [0x00000000e0000000,0x00000000f5580000,0x00000000f5580000)
 Metaspace       used 53839K, committed 54976K, reserved 1105920K
  class space    used 5367K, committed 5760K, reserved 1048576K
}
Event: 221.912 GC heap before
{Heap before GC invocations=282 (full 191):
 PSYoungGen      total 39424K, used 25087K [0x00000000f5580000, 0x00000000f9180000, 0x0000000100000000)
  eden space 25088K, 99% used [0x00000000f5580000,0x00000000f6dffff8,0x00000000f6e00000)
  from space 14336K, 0% used [0x00000000f6e00000,0x00000000f6e00000,0x00000000f7c00000)
  to   space 16384K, 0% used [0x00000000f8180000,0x00000000f8180000,0x00000000f9180000)
 ParOldGen       total 349696K, used 349696K [0x00000000e0000000, 0x00000000f5580000, 0x00000000f5580000)
  object space 349696K, 100% used [0x00000000e0000000,0x00000000f5580000,0x00000000f5580000)
 Metaspace       used 53839K, committed 54976K, reserved 1105920K
  class space    used 5367K, committed 5760K, reserved 1048576K
}
Event: 222.909 GC heap after
{Heap after GC invocations=282 (full 191):
 PSYoungGen      total 41472K, used 25087K [0x00000000f5580000, 0x00000000f9180000, 0x0000000100000000)
  eden space 25088K, 99% used [0x00000000f5580000,0x00000000f6dfffe8,0x00000000f6e00000)
  from space 16384K, 0% used [0x00000000f8180000,0x00000000f8180000,0x00000000f9180000)
  to   space 14336K, 0% used [0x00000000f6e00000,0x00000000f6e00000,0x00000000f7c00000)
 ParOldGen       total 349696K, used 349696K [0x00000000e0000000, 0x00000000f5580000, 0x00000000f5580000)
  object space 349696K, 100% used [0x00000000e0000000,0x00000000f5580000,0x00000000f5580000)
 Metaspace       used 53839K, committed 54976K, reserved 1105920K
  class space    used 5367K, committed 5760K, reserved 1048576K
}
Event: 222.909 GC heap before
{Heap before GC invocations=283 (full 192):
 PSYoungGen      total 41472K, used 25088K [0x00000000f5580000, 0x00000000f9180000, 0x0000000100000000)
  eden space 25088K, 100% used [0x00000000f5580000,0x00000000f6e00000,0x00000000f6e00000)
  from space 16384K, 0% used [0x00000000f8180000,0x00000000f8180000,0x00000000f9180000)
  to   space 14336K, 0% used [0x00000000f6e00000,0x00000000f6e00000,0x00000000f7c00000)
 ParOldGen       total 349696K, used 349696K [0x00000000e0000000, 0x00000000f5580000, 0x00000000f5580000)
  object space 349696K, 100% used [0x00000000e0000000,0x00000000f5580000,0x00000000f5580000)
 Metaspace       used 53839K, committed 54976K, reserved 1105920K
  class space    used 5367K, committed 5760K, reserved 1048576K
}
Event: 223.867 GC heap after
{Heap after GC invocations=283 (full 192):
 PSYoungGen      total 39424K, used 25088K [0x00000000f5580000, 0x00000000f9180000, 0x0000000100000000)
  eden space 25088K, 100% used [0x00000000f5580000,0x00000000f6e00000,0x00000000f6e00000)
  from space 14336K, 0% used [0x00000000f6e00000,0x00000000f6e00000,0x00000000f7c00000)
  to   space 16384K, 0% used [0x00000000f8180000,0x00000000f8180000,0x00000000f9180000)
 ParOldGen       total 349696K, used 349696K [0x00000000e0000000, 0x00000000f5580000, 0x00000000f5580000)
  object space 349696K, 100% used [0x00000000e0000000,0x00000000f5580000,0x00000000f5580000)
 Metaspace       used 53839K, committed 54976K, reserved 1105920K
  class space    used 5367K, committed 5760K, reserved 1048576K
}
Event: 223.867 GC heap before
{Heap before GC invocations=284 (full 193):
 PSYoungGen      total 39424K, used 25088K [0x00000000f5580000, 0x00000000f9180000, 0x0000000100000000)
  eden space 25088K, 100% used [0x00000000f5580000,0x00000000f6e00000,0x00000000f6e00000)
  from space 14336K, 0% used [0x00000000f6e00000,0x00000000f6e00000,0x00000000f7c00000)
  to   space 16384K, 0% used [0x00000000f8180000,0x00000000f8180000,0x00000000f9180000)
 ParOldGen       total 349696K, used 349696K [0x00000000e0000000, 0x00000000f5580000, 0x00000000f5580000)
  object space 349696K, 100% used [0x00000000e0000000,0x00000000f5580000,0x00000000f5580000)
 Metaspace       used 53839K, committed 54976K, reserved 1105920K
  class space    used 5367K, committed 5760K, reserved 1048576K
}
Event: 224.808 GC heap after
{Heap after GC invocations=284 (full 193):
 PSYoungGen      total 41472K, used 25088K [0x00000000f5580000, 0x00000000f9180000, 0x0000000100000000)
  eden space 25088K, 100% used [0x00000000f5580000,0x00000000f6e00000,0x00000000f6e00000)
  from space 16384K, 0% used [0x00000000f8180000,0x00000000f8180000,0x00000000f9180000)
  to   space 14336K, 0% used [0x00000000f6e00000,0x00000000f6e00000,0x00000000f7c00000)
 ParOldGen       total 349696K, used 349696K [0x00000000e0000000, 0x00000000f5580000, 0x00000000f5580000)
  object space 349696K, 100% used [0x00000000e0000000,0x00000000f5580000,0x00000000f5580000)
 Metaspace       used 53839K, committed 54976K, reserved 1105920K
  class space    used 5367K, committed 5760K, reserved 1048576K
}
Event: 224.808 GC heap before
{Heap before GC invocations=285 (full 194):
 PSYoungGen      total 41472K, used 25088K [0x00000000f5580000, 0x00000000f9180000, 0x0000000100000000)
  eden space 25088K, 100% used [0x00000000f5580000,0x00000000f6e00000,0x00000000f6e00000)
  from space 16384K, 0% used [0x00000000f8180000,0x00000000f8180000,0x00000000f9180000)
  to   space 14336K, 0% used [0x00000000f6e00000,0x00000000f6e00000,0x00000000f7c00000)
 ParOldGen       total 349696K, used 349696K [0x00000000e0000000, 0x00000000f5580000, 0x00000000f5580000)
  object space 349696K, 100% used [0x00000000e0000000,0x00000000f5580000,0x00000000f5580000)
 Metaspace       used 53839K, committed 54976K, reserved 1105920K
  class space    used 5367K, committed 5760K, reserved 1048576K
}
Event: 225.721 GC heap after
{Heap after GC invocations=285 (full 194):
 PSYoungGen      total 39424K, used 25088K [0x00000000f5580000, 0x00000000f9180000, 0x0000000100000000)
  eden space 25088K, 100% used [0x00000000f5580000,0x00000000f6e00000,0x00000000f6e00000)
  from space 14336K, 0% used [0x00000000f6e00000,0x00000000f6e00000,0x00000000f7c00000)
  to   space 16384K, 0% used [0x00000000f8180000,0x00000000f8180000,0x00000000f9180000)
 ParOldGen       total 349696K, used 349696K [0x00000000e0000000, 0x00000000f5580000, 0x00000000f5580000)
  object space 349696K, 100% used [0x00000000e0000000,0x00000000f5580000,0x00000000f5580000)
 Metaspace       used 53839K, committed 54976K, reserved 1105920K
  class space    used 5367K, committed 5760K, reserved 1048576K
}
Event: 225.721 GC heap before
{Heap before GC invocations=286 (full 195):
 PSYoungGen      total 39424K, used 25088K [0x00000000f5580000, 0x00000000f9180000, 0x0000000100000000)
  eden space 25088K, 100% used [0x00000000f5580000,0x00000000f6e00000,0x00000000f6e00000)
  from space 14336K, 0% used [0x00000000f6e00000,0x00000000f6e00000,0x00000000f7c00000)
  to   space 16384K, 0% used [0x00000000f8180000,0x00000000f8180000,0x00000000f9180000)
 ParOldGen       total 349696K, used 349696K [0x00000000e0000000, 0x00000000f5580000, 0x00000000f5580000)
  object space 349696K, 100% used [0x00000000e0000000,0x00000000f5580000,0x00000000f5580000)
 Metaspace       used 53839K, committed 54976K, reserved 1105920K
  class space    used 5367K, committed 5760K, reserved 1048576K
}
Event: 226.705 GC heap after
{Heap after GC invocations=286 (full 195):
 PSYoungGen      total 41472K, used 25088K [0x00000000f5580000, 0x00000000f9180000, 0x0000000100000000)
  eden space 25088K, 100% used [0x00000000f5580000,0x00000000f6e00000,0x00000000f6e00000)
  from space 16384K, 0% used [0x00000000f8180000,0x00000000f8180000,0x00000000f9180000)
  to   space 14336K, 0% used [0x00000000f6e00000,0x00000000f6e00000,0x00000000f7c00000)
 ParOldGen       total 349696K, used 349696K [0x00000000e0000000, 0x00000000f5580000, 0x00000000f5580000)
  object space 349696K, 100% used [0x00000000e0000000,0x00000000f5580000,0x00000000f5580000)
 Metaspace       used 53839K, committed 54976K, reserved 1105920K
  class space    used 5367K, committed 5760K, reserved 1048576K
}
Event: 226.705 GC heap before
{Heap before GC invocations=287 (full 196):
 PSYoungGen      total 41472K, used 25088K [0x00000000f5580000, 0x00000000f9180000, 0x0000000100000000)
  eden space 25088K, 100% used [0x00000000f5580000,0x00000000f6e00000,0x00000000f6e00000)
  from space 16384K, 0% used [0x00000000f8180000,0x00000000f8180000,0x00000000f9180000)
  to   space 14336K, 0% used [0x00000000f6e00000,0x00000000f6e00000,0x00000000f7c00000)
 ParOldGen       total 349696K, used 349696K [0x00000000e0000000, 0x00000000f5580000, 0x00000000f5580000)
  object space 349696K, 100% used [0x00000000e0000000,0x00000000f5580000,0x00000000f5580000)
 Metaspace       used 53839K, committed 54976K, reserved 1105920K
  class space    used 5367K, committed 5760K, reserved 1048576K
}
Event: 227.708 GC heap after
{Heap after GC invocations=287 (full 196):
 PSYoungGen      total 39424K, used 25088K [0x00000000f5580000, 0x00000000f9180000, 0x0000000100000000)
  eden space 25088K, 100% used [0x00000000f5580000,0x00000000f6e00000,0x00000000f6e00000)
  from space 14336K, 0% used [0x00000000f6e00000,0x00000000f6e00000,0x00000000f7c00000)
  to   space 16384K, 0% used [0x00000000f8180000,0x00000000f8180000,0x00000000f9180000)
 ParOldGen       total 349696K, used 349695K [0x00000000e0000000, 0x00000000f5580000, 0x00000000f5580000)
  object space 349696K, 99% used [0x00000000e0000000,0x00000000f557fc58,0x00000000f5580000)
 Metaspace       used 53839K, committed 54976K, reserved 1105920K
  class space    used 5367K, committed 5760K, reserved 1048576K
}
Event: 227.708 GC heap before
{Heap before GC invocations=288 (full 197):
 PSYoungGen      total 39424K, used 25088K [0x00000000f5580000, 0x00000000f9180000, 0x0000000100000000)
  eden space 25088K, 100% used [0x00000000f5580000,0x00000000f6e00000,0x00000000f6e00000)
  from space 14336K, 0% used [0x00000000f6e00000,0x00000000f6e00000,0x00000000f7c00000)
  to   space 16384K, 0% used [0x00000000f8180000,0x00000000f8180000,0x00000000f9180000)
 ParOldGen       total 349696K, used 349695K [0x00000000e0000000, 0x00000000f5580000, 0x00000000f5580000)
  object space 349696K, 99% used [0x00000000e0000000,0x00000000f557fe28,0x00000000f5580000)
 Metaspace       used 53839K, committed 54976K, reserved 1105920K
  class space    used 5367K, committed 5760K, reserved 1048576K
}
Event: 228.718 GC heap after
{Heap after GC invocations=288 (full 197):
 PSYoungGen      total 41472K, used 25087K [0x00000000f5580000, 0x00000000f9180000, 0x0000000100000000)
  eden space 25088K, 99% used [0x00000000f5580000,0x00000000f6dfff68,0x00000000f6e00000)
  from space 16384K, 0% used [0x00000000f8180000,0x00000000f8180000,0x00000000f9180000)
  to   space 14336K, 0% used [0x00000000f6e00000,0x00000000f6e00000,0x00000000f7c00000)
 ParOldGen       total 349696K, used 349693K [0x00000000e0000000, 0x00000000f5580000, 0x00000000f5580000)
  object space 349696K, 99% used [0x00000000e0000000,0x00000000f557f628,0x00000000f5580000)
 Metaspace       used 53839K, committed 54976K, reserved 1105920K
  class space    used 5367K, committed 5760K, reserved 1048576K
}
Event: 228.718 GC heap before
{Heap before GC invocations=289 (full 198):
 PSYoungGen      total 41472K, used 25087K [0x00000000f5580000, 0x00000000f9180000, 0x0000000100000000)
  eden space 25088K, 99% used [0x00000000f5580000,0x00000000f6dfff68,0x00000000f6e00000)
  from space 16384K, 0% used [0x00000000f8180000,0x00000000f8180000,0x00000000f9180000)
  to   space 14336K, 0% used [0x00000000f6e00000,0x00000000f6e00000,0x00000000f7c00000)
 ParOldGen       total 349696K, used 349693K [0x00000000e0000000, 0x00000000f5580000, 0x00000000f5580000)
  object space 349696K, 99% used [0x00000000e0000000,0x00000000f557f628,0x00000000f5580000)
 Metaspace       used 53839K, committed 54976K, reserved 1105920K
  class space    used 5367K, committed 5760K, reserved 1048576K
}
Event: 229.674 GC heap after
{Heap after GC invocations=289 (full 198):
 PSYoungGen      total 39424K, used 25087K [0x00000000f5580000, 0x00000000f9180000, 0x0000000100000000)
  eden space 25088K, 99% used [0x00000000f5580000,0x00000000f6dfff68,0x00000000f6e00000)
  from space 14336K, 0% used [0x00000000f6e00000,0x00000000f6e00000,0x00000000f7c00000)
  to   space 16384K, 0% used [0x00000000f8180000,0x00000000f8180000,0x00000000f9180000)
 ParOldGen       total 349696K, used 349693K [0x00000000e0000000, 0x00000000f5580000, 0x00000000f5580000)
  object space 349696K, 99% used [0x00000000e0000000,0x00000000f557f628,0x00000000f5580000)
 Metaspace       used 53839K, committed 54976K, reserved 1105920K
  class space    used 5367K, committed 5760K, reserved 1048576K
}

